<?xml version="1.0" encoding="UTF-8"?>
<testsuite xmlns:xsi="http://www.w3.org/2001/XMLSchema-instance" xsi:noNamespaceSchemaLocation="https://maven.apache.org/surefire/maven-surefire-plugin/xsd/surefire-test-report-3.0.xsd" version="3.0" name="TestSuite" time="593.594" tests="17" errors="0" skipped="0" failures="0">
  <properties>
[...]
</properties>
  <testcase name="navigateToFrontDoorScreen" classname="web.tests.TestScripts.FrontDoorTestScript" time="94.707">
    <system-out><![CDATA[Start of setup() method......
End of setup() method......
######################Start of navigateToFrontDoorScreen() method......Printing the driver object: ChromeDriver: chrome on mac (3e829a35d130dad78758557367e9db05)
############################Start of handleCookiesBanner method......
No cookies banner found or unable to accept cookies.
#######################End of navigateToFrontDoorScreen() method......
]]></system-out>
    <system-err><![CDATA[Jul 19, 2024 1:47:18 PM org.openqa.selenium.devtools.CdpVersionFinder findNearestMatch
WARNING: Unable to find an exact match for CDP version 126, returning the closest version; found: 124; Please update to a Selenium version that supports CDP version 126
]]></system-err>
  </testcase>
  <testcase name="testFrontDoorSignIn[2ebtestncal1, pleasanton02](1)" classname="web.tests.TestScripts.FrontDoorTestScript" time="26.575">
    <system-out><![CDATA[The path is: /Users/I772772/Documents/workspace/eclipse-workspace/Selenium/testData/Userdata.xls
Value of rownum is: 1
Value of colnum is: 2
Just before returning the webDataFromExcel
##################################Start of testFrontDoorSignIn method with user: 2ebtestncal1
Entered the username: 2ebtestncal1
Entered the password : pleasanton02
SignInButton clicked successfully.
Clicked on sign in for user: 2ebtestncal1
#################################End of testFrontDoorSignIn method for user: 2ebtestncal1
]]></system-out>
  </testcase>
  <testcase name="feedbackBannerOnLandingPage" classname="web.tests.TestScripts.FrontDoorTestScript" time="19.543">
    <system-out><![CDATA[No feedback banner found or unable to accept feedback.
Expected condition failed: waiting for visibility of Proxy element for: DefaultElementLocator 'By.xpath: //button[contains(@aria-label, 'No: Do not take this survey. Closes this pop-up.')]' (tried for 15 second(s) with 500 milliseconds interval)
]]></system-out>
  </testcase>
  <testcase name="clickOnAppointments_Care" classname="web.tests.TestScripts.FrontDoorTestScript" time="6.49">
    <system-out><![CDATA[##############################START of clickOnAppointments_Care() method......true
menuOption_Appt_Care displayed yes or no :true
Clicked the MenuOption_Appt_Care button successfully
######################END of clickOnAppointments_Care() method......######################
]]></system-out>
  </testcase>
  <testcase name="navigateToScheduleAnAppointment" classname="web.tests.TestScripts.FrontDoorTestScript" time="48.914">
    <system-out><![CDATA[############################START of navigateToScheduleAnAppointment()() method......true
menuOption_Appt_Care displayed yes or no :true
Clicked the scheduleAnAppointmentLink successfully
######################END of navigateToScheduleAnAppointment() method......##################
]]></system-out>
  </testcase>
  <testcase name="goToscheduleMedicalAppointment" classname="web.tests.TestScripts.FrontDoorTestScript" time="66.787">
    <system-out><![CDATA[No feedback banner found or unable to accept feedback.
Expected condition failed: waiting for visibility of Proxy element for: DefaultElementLocator 'By.xpath: //button[contains(@aria-label, 'No: Do not take this survey. Closes this pop-up.')]' (tried for 15 second(s) with 500 milliseconds interval)
###########################START of goToscheduleMedicalAppointment() method......true
scheduleMedicalAppointmentButton displayed yes or no :true
Clicked the scheduleMedicalAppointmentButton successfully
###################END of goToscheduleMedicalAppointment() method......#########################
]]></system-out>
  </testcase>
  <testcase name="selectPrimaryIconPlusForAppointment" classname="web.tests.TestScripts.FrontDoorTestScript" time="25.061">
    <system-out><![CDATA[##################START of selectPrimaryIconPlusForAppointment() method......#################
No feedback banner found or unable to accept feedback.
Expected condition failed: waiting for visibility of Proxy element for: DefaultElementLocator 'By.xpath: //button[contains(@aria-label, 'No: Do not take this survey. Closes this pop-up.')]' (tried for 15 second(s) with 500 milliseconds interval)
primaryIconPlus clicked successfully.
#################END of selectPrimaryIconPlusForAppointment() method......####################
]]></system-out>
  </testcase>
  <testcase name="selectNextButtonInScheduleAppointmentPage" classname="web.tests.TestScripts.FrontDoorTestScript" time="30.268">
    <system-out><![CDATA[#################START of selectNextButtonInScheduleAppointmentPage() method......################
Now scrolling to bottom of the page
nextButtonInSheduleAppointmentPage clicked successfully.
#####################END of selectNextButtonInScheduleAppointmentPage() method......##################
]]></system-out>
  </testcase>
  <testcase name="selectFacilityDropdown" classname="web.tests.TestScripts.FrontDoorTestScript" time="12.023">
    <system-out><![CDATA[####################START of selectFacilityDropdown() method......######################
Now inside the if condition
Successfully selected this facility from dropdown: Sacramento Medical Center
#######################END of selectFacilityDropdown() method......######################
]]></system-out>
  </testcase>
  <testcase name="selectNextButtonInScheduleAppointmentPageAgain" classname="web.tests.TestScripts.FrontDoorTestScript" time="29.287">
    <system-out><![CDATA[###########################START of selectNextButtonInScheduleAppointmentPageAgain() method......#############
No feedback banner found or unable to accept feedback.
Expected condition failed: waiting for visibility of Proxy element for: DefaultElementLocator 'By.xpath: //button[contains(@aria-label, 'No: Do not take this survey. Closes this pop-up.')]' (tried for 15 second(s) with 500 milliseconds interval)
nextButtonInSheduleAppointmentPage clicked successfully.
#########################END of selectNextButtonInScheduleAppointmentPageAgain() method......###############
]]></system-out>
  </testcase>
  <testcase name="selectRadioIllnesOtherConcerns" classname="web.tests.TestScripts.FrontDoorTestScript" time="20.16">
    <system-out><![CDATA[###############START of selectRadioIllnesOtherConcerns() method......############
The selected xpath is for: Illness/Other concern
radioIllnesOtherConcerns clicked successfully.
Waiting for checkboxContinueSchedulingApt to be visible...
checkboxContinueSchedulingApt clicked successfully.
Now scrolling to bottom of the page
###############END of selectRadioIllnesOtherConcerns() method......###############
]]></system-out>
  </testcase>
  <testcase name="selectRadioReasonReturnOrFollowUp" classname="web.tests.TestScripts.FrontDoorTestScript" time="35.587">
    <system-out><![CDATA[###############START of selectRadioReasonReturnOrFollowUp() method......############
reasonReturnOrFollowUp clicked successfully.
Now scrolling to bottom of the page
###############END of selectRadioReasonReturnOrFollowUp() method......###############
]]></system-out>
  </testcase>
  <testcase name="selectRadioTypeInPerson" classname="web.tests.TestScripts.FrontDoorTestScript" time="40.617">
    <system-out><![CDATA[###############START of selectRadioTypeInPerson() method......############
typeInPerson clicked successfully.
Now scrolling to bottom of the page
###########################START of selectNextButtonInScheduleAppointmentPageAgain() method......#############
No feedback banner found or unable to accept feedback.
Expected condition failed: waiting for visibility of Proxy element for: DefaultElementLocator 'By.xpath: //button[contains(@aria-label, 'No: Do not take this survey. Closes this pop-up.')]' (tried for 15 second(s) with 500 milliseconds interval)
nextButtonInSheduleAppointmentPage clicked successfully.
#########################END of selectNextButtonInScheduleAppointmentPageAgain() method......###############
###############END of selectRadioTypeInPerson() method......###############
]]></system-out>
  </testcase>
  <testcase name="selectRadioChooseAnotherDate" classname="web.tests.TestScripts.FrontDoorTestScript" time="13.577">
    <system-out><![CDATA[###############START of selectRadioChooseAnotherDate() method......############
chooseAnotherDate clicked successfully.
Now scrolling to bottom of the page
###############END of selectRadioChooseAnotherDate() method......###############
]]></system-out>
  </testcase>
  <testcase name="selectDatePicker" classname="web.tests.TestScripts.FrontDoorTestScript" time="5.384">
    <system-out><![CDATA[###############START of selectDatePicker() method......############
datePicker clicked successfully.
Now scrolling to bottom of the page
###############END of selectDatePicker() method......###############
]]></system-out>
  </testcase>
  <testcase name="selectMonthFromCalendar" classname="web.tests.TestScripts.FrontDoorTestScript" time="59.291">
    <system-out><![CDATA[###############START of selectMonthFromCalendar() method......############
Current month on calendar is: July 2024
Printing the dates from calendar: 20
Some error happened while selecting the Month Date from Calendar
After catch block.....
###########################START of selectNextButtonInScheduleAppointmentPageAgain() method......#############
No feedback banner found or unable to accept feedback.
Expected condition failed: waiting for visibility of Proxy element for: DefaultElementLocator 'By.xpath: //button[contains(@aria-label, 'No: Do not take this survey. Closes this pop-up.')]' (tried for 15 second(s) with 500 milliseconds interval)
nextButtonInSheduleAppointmentPage clicked successfully.
#########################END of selectNextButtonInScheduleAppointmentPageAgain() method......###############
Control back to the method
true or false: true
###############END of selectMonthFromCalendar() method......###############
]]></system-out>
    <system-err><![CDATA[org.openqa.selenium.TimeoutException: Expected condition failed: waiting for visibility of [[ChromeDriver: chrome on mac (3e829a35d130dad78758557367e9db05)] -> xpath: //button[@class='icon-chevron-forward next' and @type='button' and contains(@aria-label, 'Show')]] (tried for 15 second(s) with 500 milliseconds interval)
Build info: version: '4.20.0', revision: '866c76ca80'
System info: os.name: 'Mac OS X', os.arch: 'x86_64', os.version: '14.4.1', java.version: '11.0.16'
Driver info: org.openqa.selenium.chrome.ChromeDriver
Capabilities {acceptInsecureCerts: false, browserName: chrome, browserVersion: 126.0.6478.183, chrome: {chromedriverVersion: 126.0.6478.182 (5b5d8292ddf..., userDataDir: /var/folders/mf/5_bv554140d...}, fedcm:accounts: true, goog:chromeOptions: {debuggerAddress: localhost:61986}, networkConnectionEnabled: false, pageLoadStrategy: normal, platformName: mac, proxy: Proxy(), se:cdp: ws://localhost:61986/devtoo..., se:cdpVersion: 126.0.6478.183, setWindowRect: true, strictFileInteractability: false, timeouts: {implicit: 0, pageLoad: 300000, script: 30000}, unhandledPromptBehavior: dismiss and notify, webauthn:extension:credBlob: true, webauthn:extension:largeBlob: true, webauthn:extension:minPinLength: true, webauthn:extension:prf: true, webauthn:virtualAuthenticators: true}
Session ID: 3e829a35d130dad78758557367e9db05
	at org.openqa.selenium.support.ui.WebDriverWait.timeoutException(WebDriverWait.java:84)
	at org.openqa.selenium.support.ui.FluentWait.until(FluentWait.java:228)
	at web.tests.TestScripts.FrontDoorTestScript.selectMonthFromCalendar(FrontDoorTestScript.java:473)
	at java.base/jdk.internal.reflect.NativeMethodAccessorImpl.invoke0(Native Method)
	at java.base/jdk.internal.reflect.NativeMethodAccessorImpl.invoke(NativeMethodAccessorImpl.java:62)
	at java.base/jdk.internal.reflect.DelegatingMethodAccessorImpl.invoke(DelegatingMethodAccessorImpl.java:43)
	at java.base/java.lang.reflect.Method.invoke(Method.java:566)
	at org.testng.internal.invokers.MethodInvocationHelper.invokeMethod(MethodInvocationHelper.java:139)
	at org.testng.internal.invokers.TestInvoker.invokeMethod(TestInvoker.java:664)
	at org.testng.internal.invokers.TestInvoker.invokeTestMethod(TestInvoker.java:228)
	at org.testng.internal.invokers.MethodRunner.runInSequence(MethodRunner.java:63)
	at org.testng.internal.invokers.TestInvoker$MethodInvocationAgent.invoke(TestInvoker.java:961)
	at org.testng.internal.invokers.TestInvoker.invokeTestMethods(TestInvoker.java:201)
	at org.testng.internal.invokers.TestMethodWorker.invokeTestMethods(TestMethodWorker.java:148)
	at org.testng.internal.invokers.TestMethodWorker.run(TestMethodWorker.java:128)
	at java.base/java.util.ArrayList.forEach(ArrayList.java:1541)
	at org.testng.TestRunner.privateRun(TestRunner.java:819)
	at org.testng.TestRunner.run(TestRunner.java:619)
	at org.testng.SuiteRunner.runTest(SuiteRunner.java:443)
	at org.testng.SuiteRunner.runSequentially(SuiteRunner.java:437)
	at org.testng.SuiteRunner.privateRun(SuiteRunner.java:397)
	at org.testng.SuiteRunner.run(SuiteRunner.java:336)
	at org.testng.SuiteRunnerWorker.runSuite(SuiteRunnerWorker.java:52)
	at org.testng.SuiteRunnerWorker.run(SuiteRunnerWorker.java:95)
	at org.testng.TestNG.runSuitesSequentially(TestNG.java:1301)
	at org.testng.TestNG.runSuitesLocally(TestNG.java:1228)
	at org.testng.TestNG.runSuites(TestNG.java:1134)
	at org.testng.TestNG.run(TestNG.java:1101)
	at org.apache.maven.surefire.testng.TestNGExecutor.run(TestNGExecutor.java:324)
	at org.apache.maven.surefire.testng.TestNGXmlTestSuite.execute(TestNGXmlTestSuite.java:74)
	at org.apache.maven.surefire.testng.TestNGProvider.invoke(TestNGProvider.java:123)
	at org.apache.maven.surefire.booter.ForkedBooter.runSuitesInProcess(ForkedBooter.java:456)
	at org.apache.maven.surefire.booter.ForkedBooter.execute(ForkedBooter.java:169)
	at org.apache.maven.surefire.booter.ForkedBooter.run(ForkedBooter.java:595)
	at org.apache.maven.surefire.booter.ForkedBooter.main(ForkedBooter.java:581)
]]></system-err>
  </testcase>
  <testcase name="selectTimeSlot" classname="web.tests.TestScripts.FrontDoorTestScript" time="17.033">
    <system-out><![CDATA[###############START of selectTimeSlot() method......############
Some error happened while selecting the Time Slot
###############END of selectTimeSlot() method......###############
]]></system-out>
    <system-err><![CDATA[org.openqa.selenium.TimeoutException: Expected condition failed: waiting for visibility of Proxy element for: DefaultElementLocator 'By.xpath: //div[@id='focusing-input-00']//div[@class='selectable__circle-radio']' (tried for 15 second(s) with 500 milliseconds interval)
	at org.openqa.selenium.support.ui.WebDriverWait.timeoutException(WebDriverWait.java:84)
	at org.openqa.selenium.support.ui.FluentWait.until(FluentWait.java:228)
	at web.tests.TestScripts.FrontDoorTestScript.selectTimeSlot(FrontDoorTestScript.java:515)
	at java.base/jdk.internal.reflect.NativeMethodAccessorImpl.invoke0(Native Method)
	at java.base/jdk.internal.reflect.NativeMethodAccessorImpl.invoke(NativeMethodAccessorImpl.java:62)
	at java.base/jdk.internal.reflect.DelegatingMethodAccessorImpl.invoke(DelegatingMethodAccessorImpl.java:43)
	at java.base/java.lang.reflect.Method.invoke(Method.java:566)
	at org.testng.internal.invokers.MethodInvocationHelper.invokeMethod(MethodInvocationHelper.java:139)
	at org.testng.internal.invokers.TestInvoker.invokeMethod(TestInvoker.java:664)
	at org.testng.internal.invokers.TestInvoker.invokeTestMethod(TestInvoker.java:228)
	at org.testng.internal.invokers.MethodRunner.runInSequence(MethodRunner.java:63)
	at org.testng.internal.invokers.TestInvoker$MethodInvocationAgent.invoke(TestInvoker.java:961)
	at org.testng.internal.invokers.TestInvoker.invokeTestMethods(TestInvoker.java:201)
	at org.testng.internal.invokers.TestMethodWorker.invokeTestMethods(TestMethodWorker.java:148)
	at org.testng.internal.invokers.TestMethodWorker.run(TestMethodWorker.java:128)
	at java.base/java.util.ArrayList.forEach(ArrayList.java:1541)
	at org.testng.TestRunner.privateRun(TestRunner.java:819)
	at org.testng.TestRunner.run(TestRunner.java:619)
	at org.testng.SuiteRunner.runTest(SuiteRunner.java:443)
	at org.testng.SuiteRunner.runSequentially(SuiteRunner.java:437)
	at org.testng.SuiteRunner.privateRun(SuiteRunner.java:397)
	at org.testng.SuiteRunner.run(SuiteRunner.java:336)
	at org.testng.SuiteRunnerWorker.runSuite(SuiteRunnerWorker.java:52)
	at org.testng.SuiteRunnerWorker.run(SuiteRunnerWorker.java:95)
	at org.testng.TestNG.runSuitesSequentially(TestNG.java:1301)
	at org.testng.TestNG.runSuitesLocally(TestNG.java:1228)
	at org.testng.TestNG.runSuites(TestNG.java:1134)
	at org.testng.TestNG.run(TestNG.java:1101)
	at org.apache.maven.surefire.testng.TestNGExecutor.run(TestNGExecutor.java:324)
	at org.apache.maven.surefire.testng.TestNGXmlTestSuite.execute(TestNGXmlTestSuite.java:74)
	at org.apache.maven.surefire.testng.TestNGProvider.invoke(TestNGProvider.java:123)
	at org.apache.maven.surefire.booter.ForkedBooter.runSuitesInProcess(ForkedBooter.java:456)
	at org.apache.maven.surefire.booter.ForkedBooter.execute(ForkedBooter.java:169)
	at org.apache.maven.surefire.booter.ForkedBooter.run(ForkedBooter.java:595)
	at org.apache.maven.surefire.booter.ForkedBooter.main(ForkedBooter.java:581)
Caused by: org.openqa.selenium.NoSuchElementException: no such element: Unable to locate element: {"method":"xpath","selector":"//div[@id='focusing-input-00']//div[@class='selectable__circle-radio']"}
  (Session info: chrome=126.0.6478.183)
For documentation on this error, please visit: https://www.selenium.dev/documentation/webdriver/troubleshooting/errors#no-such-element-exception
Build info: version: '4.20.0', revision: '866c76ca80'
System info: os.name: 'Mac OS X', os.arch: 'x86_64', os.version: '14.4.1', java.version: '11.0.16'
Driver info: org.openqa.selenium.chrome.ChromeDriver
Command: [3e829a35d130dad78758557367e9db05, findElement {using=xpath, value=//div[@id='focusing-input-00']//div[@class='selectable__circle-radio']}]
Capabilities {acceptInsecureCerts: false, browserName: chrome, browserVersion: 126.0.6478.183, chrome: {chromedriverVersion: 126.0.6478.182 (5b5d8292ddf..., userDataDir: /var/folders/mf/5_bv554140d...}, fedcm:accounts: true, goog:chromeOptions: {debuggerAddress: localhost:61986}, networkConnectionEnabled: false, pageLoadStrategy: normal, platformName: mac, proxy: Proxy(), se:cdp: ws://localhost:61986/devtoo..., se:cdpVersion: 126.0.6478.183, setWindowRect: true, strictFileInteractability: false, timeouts: {implicit: 0, pageLoad: 300000, script: 30000}, unhandledPromptBehavior: dismiss and notify, webauthn:extension:credBlob: true, webauthn:extension:largeBlob: true, webauthn:extension:minPinLength: true, webauthn:extension:prf: true, webauthn:virtualAuthenticators: true}
Session ID: 3e829a35d130dad78758557367e9db05
	at jdk.internal.reflect.GeneratedConstructorAccessor23.newInstance(Unknown Source)
	at java.base/jdk.internal.reflect.DelegatingConstructorAccessorImpl.newInstance(DelegatingConstructorAccessorImpl.java:45)
	at java.base/java.lang.reflect.Constructor.newInstance(Constructor.java:490)
	at org.openqa.selenium.remote.ErrorCodec.decode(ErrorCodec.java:167)
	at org.openqa.selenium.remote.codec.w3c.W3CHttpResponseCodec.decode(W3CHttpResponseCodec.java:138)
	at org.openqa.selenium.remote.codec.w3c.W3CHttpResponseCodec.decode(W3CHttpResponseCodec.java:50)
	at org.openqa.selenium.remote.HttpCommandExecutor.execute(HttpCommandExecutor.java:190)
	at org.openqa.selenium.remote.service.DriverCommandExecutor.invokeExecute(DriverCommandExecutor.java:216)
	at org.openqa.selenium.remote.service.DriverCommandExecutor.execute(DriverCommandExecutor.java:174)
	at org.openqa.selenium.remote.RemoteWebDriver.execute(RemoteWebDriver.java:518)
	at org.openqa.selenium.remote.ElementLocation$ElementFinder$2.findElement(ElementLocation.java:165)
	at org.openqa.selenium.remote.ElementLocation.findElement(ElementLocation.java:59)
	at org.openqa.selenium.remote.RemoteWebDriver.findElement(RemoteWebDriver.java:355)
	at org.openqa.selenium.remote.RemoteWebDriver.findElement(RemoteWebDriver.java:349)
	at org.openqa.selenium.support.pagefactory.DefaultElementLocator.findElement(DefaultElementLocator.java:68)
	at org.openqa.selenium.support.pagefactory.internal.LocatingElementHandler.invoke(LocatingElementHandler.java:38)
	at com.sun.proxy.$Proxy26.isDisplayed(Unknown Source)
	at org.openqa.selenium.support.ui.ExpectedConditions.elementIfVisible(ExpectedConditions.java:304)
	at org.openqa.selenium.support.ui.ExpectedConditions$10.apply(ExpectedConditions.java:290)
	at org.openqa.selenium.support.ui.ExpectedConditions$10.apply(ExpectedConditions.java:287)
	at org.openqa.selenium.support.ui.FluentWait.until(FluentWait.java:203)
	... 33 more
]]></system-err>
  </testcase>
</testsuite>