<?xml version="1.0" encoding="UTF-8"?>
<!-- Generated by org.testng.reporters.JUnitXMLReporter -->
<testsuite ignored="0" hostname="KP-WTGVC366JR" failures="0" tests="2" name="Default test" time="260.951" errors="0" timestamp="2024-07-08T16:25:33 GMT-07:00">
  <testcase classname="web.tests.TestScripts.TestWebTableExample" name="launchWeb" time="180.112"/>
  <testcase classname="web.tests.TestScripts.TestWebTableExample" name="valueExistsInWebTable" time="73.261"/>
</testsuite> <!-- Default test -->
