<?xml version="1.0" encoding="UTF-8"?>
<!-- Generated by org.testng.reporters.JUnitXMLReporter -->
<testsuite ignored="0" hostname="KP-WTGVC366JR" failures="0" tests="17" name="Web Login Tests" time="606.812" errors="0" timestamp="2024-07-17T12:12:04 GMT-07:00">
  <testcase classname="web.tests.TestScripts.FrontDoorTestScript" name="navigateToFrontDoorScreen" time="69.636"/>
  <testcase classname="web.tests.TestScripts.FrontDoorTestScript" name="testFrontDoorSignIn" time="39.609"/>
  <testcase classname="web.tests.TestScripts.FrontDoorTestScript" name="feedbackBannerOnLandingPage" time="15.393"/>
  <testcase classname="web.tests.TestScripts.FrontDoorTestScript" name="clickOnAppointments_Care" time="1.362"/>
  <testcase classname="web.tests.TestScripts.FrontDoorTestScript" name="navigateToScheduleAnAppointment" time="38.486"/>
  <testcase classname="web.tests.TestScripts.FrontDoorTestScript" name="goToscheduleMedicalAppointment" time="116.121"/>
  <testcase classname="web.tests.TestScripts.FrontDoorTestScript" name="selectPrimaryIconPlusForAppointment" time="36.618"/>
  <testcase classname="web.tests.TestScripts.FrontDoorTestScript" name="selectNextButtonInScheduleAppointmentPage" time="29.451"/>
  <testcase classname="web.tests.TestScripts.FrontDoorTestScript" name="selectFacilityDropdown" time="9.652"/>
  <testcase classname="web.tests.TestScripts.FrontDoorTestScript" name="selectNextButtonInScheduleAppointmentPageAgain" time="30.979"/>
  <testcase classname="web.tests.TestScripts.FrontDoorTestScript" name="selectRadioIllnesOtherConcerns" time="20.096"/>
  <testcase classname="web.tests.TestScripts.FrontDoorTestScript" name="selectRadioReasonReturnOrFollowUp" time="19.084"/>
  <testcase classname="web.tests.TestScripts.FrontDoorTestScript" name="selectRadioTypeInPerson" time="44.207"/>
  <testcase classname="web.tests.TestScripts.FrontDoorTestScript" name="selectRadioChooseAnotherDate" time="13.4"/>
  <testcase classname="web.tests.TestScripts.FrontDoorTestScript" name="selectDatePicker" time="5.253"/>
  <testcase classname="web.tests.TestScripts.FrontDoorTestScript" name="selectMonthFromCalendar" time="64.579"/>
  <testcase classname="web.tests.TestScripts.FrontDoorTestScript" name="selectTimeSlot" time="45.123"/>
</testsuite> <!-- Web Login Tests -->
